0 info it worked if it ends with ok
1 verbose cli [ 'node', '/usr/local/bin/npm', 'version', 'blockchain.info' ]
2 info using npm@1.4.28
3 info using node@v0.10.37
4 error version Bad package.json data
5 error SyntaxError: Unexpected token }
5 error     at Object.parse (native)
5 error     at /usr/local/lib/node_modules/npm/lib/version.js:54:19
5 error     at evalmachine.<anonymous>:272:14
5 error     at /usr/local/lib/node_modules/npm/node_modules/graceful-fs/graceful-fs.js:102:5
5 error     at Object.oncomplete (evalmachine.<anonymous>:108:15)
6 error If you need help, you may report this *entire* log,
6 error including the npm and node versions, at:
6 error     <http://github.com/npm/npm/issues>
7 error System Darwin 14.4.0
8 error command "node" "/usr/local/bin/npm" "version" "blockchain.info"
9 error cwd /Users/hasudhakar/Desktop/node/Hack The Planet Hack
10 error node -v v0.10.37
11 error npm -v 1.4.28
12 error type unexpected_token
13 verbose exit [ 1, true ]
